<?xml version="1.0" encoding="UTF-8"?>
<!-- Generated by org.testng.reporters.JUnitReportReporter -->
<testsuite hostname="DESKTOP-G2S5BGV" name="MyRunner.TestRunner" tests="1" failures="0" timestamp="30 Jan 2020 20:21:22 GMT" time="0.045" errors="0">
  <testcase name="feature" time="0.045" classname="MyRunner.TestRunner"/>
</testsuite> <!-- MyRunner.TestRunner -->
